2026-03-30 10:38:59 info: SAP Scaffold Agent running on port 3000
2026-03-30 10:38:59 info: Workspace: /tmp/sap-projects
2026-03-30 10:38:59 info: Auth: enabled
2026-03-30 10:39:00 info: GET /health
2026-03-30 10:44:02 info: SAP Scaffold Agent running on port 3000
2026-03-30 10:44:02 info: Workspace: /tmp/sap-projects
2026-03-30 10:44:02 info: Auth: enabled
2026-03-30 10:44:04 info: GET /health
2026-03-30 10:44:10 info: POST /api/scaffold
2026-03-30 10:44:10 info: Scaffold request received for project: purchase-orders
2026-03-30 10:44:10 info: [1f356263-1608-4653-8229-c86810eb66c0] Scaffolding project at: /tmp/sap-projects/purchase-orders-1f356263
2026-03-30 10:44:11 info: [1f356263-1608-4653-8229-c86810eb66c0] Scaffold complete for purchase-orders
2026-03-30 10:44:30 info: GET /api/scaffold/jobs/1f356263-1608-4653-8229-c86810eb66c0
2026-03-30 12:58:09 info: SAP Scaffold Agent running on port 3000
2026-03-30 12:58:09 info: Workspace: /tmp/sap-projects
2026-03-30 12:58:09 info: Auth: enabled
2026-03-30 12:59:46 info: POST /api/scaffold
2026-03-30 12:59:46 info: Scaffold request received for project: my-first-app
2026-03-30 12:59:46 info: [2c080d77-ece8-4464-a58a-a8260fa76481] Scaffolding project at: \tmp\sap-projects\my-first-app-2c080d77
2026-03-30 12:59:47 info: [2c080d77-ece8-4464-a58a-a8260fa76481] Scaffold complete for my-first-app
2026-03-30 14:11:08 info: SAP Scaffold Agent running on port 3000
2026-03-30 14:11:08 info: Workspace: /tmp/sap-projects
2026-03-30 14:11:08 info: Auth: enabled
2026-03-30 14:11:16 info: POST /api/scaffold
2026-03-30 14:11:16 warn: Unauthorised request from ::1 — invalid or missing API key
2026-03-30 14:11:48 info: POST /api/scaffold
2026-03-30 14:11:48 info: Scaffold request received for project: my-first-app
2026-03-30 14:11:48 info: [ca975105-9902-4e39-802f-6152246f9bea] Scaffolding project at: \tmp\sap-projects\my-first-app-ca975105
2026-03-30 14:11:49 info: [ca975105-9902-4e39-802f-6152246f9bea] Scaffold complete for my-first-app
2026-03-30 14:12:36 info: SAP Scaffold Agent running on port 3000
2026-03-30 14:12:36 info: Workspace: /tmp/sap-projects
2026-03-30 14:12:36 info: Auth: enabled
2026-03-30 14:22:35 info: POST /api/scaffold
2026-03-30 14:22:35 warn: Unauthorised request from ::1 — invalid or missing API key
2026-03-30 14:23:42 info: POST /api/scaffold
2026-03-30 14:23:42 warn: Unauthorised request from ::1 — invalid or missing API key
2026-03-30 14:28:31 info: POST /api/scaffold
2026-03-30 14:28:31 warn: Unauthorised request from ::1 — invalid or missing API key
2026-03-30 14:28:35 info: POST /api/scaffold
2026-03-30 14:28:35 warn: Unauthorised request from ::1 — invalid or missing API key
2026-03-30 14:30:54 info: POST /api/scaffold
2026-03-30 14:30:54 warn: Unauthorised request from ::1 — invalid or missing API key
2026-03-30 14:37:06 info: SAP Scaffold Agent running on port 3000
2026-03-30 14:37:06 info: Workspace: /tmp/sap-projects
2026-03-30 14:37:06 info: Auth: enabled
2026-03-30 14:38:24 info: POST /api/scaffold
2026-03-30 14:38:24 warn: Unauthorised request from ::1 — invalid or missing API key
2026-03-30 14:38:40 info: POST /api/scaffold
2026-03-30 14:38:40 warn: Unauthorised request from ::1 — invalid or missing API key
2026-03-30 14:39:26 info: POST /api/scaffold
2026-03-30 14:39:26 warn: Unauthorised request from ::1 — invalid or missing API key
2026-03-30 14:40:02 info: SAP Scaffold Agent running on port 3000
2026-03-30 14:40:02 info: Workspace: /tmp/sap-projects
2026-03-30 14:40:02 info: Auth: enabled
2026-03-30 14:40:06 info: POST /api/scaffold
2026-03-30 14:40:06 warn: Unauthorised request from ::1 — invalid or missing API key
2026-03-30 14:40:44 info: SAP Scaffold Agent running on port 3000
2026-03-30 14:40:44 info: Workspace: C:/Users/RichardMusime/Desktop/test
2026-03-30 14:40:44 info: Auth: enabled
2026-03-30 14:40:48 info: POST /api/scaffold
2026-03-30 14:40:48 info: Scaffold request received for project: my-first-app
2026-03-30 14:40:48 info: [8207484e-c8f0-4741-8a6e-4d9526dc6085] Scaffolding project at: C:\Users\RichardMusime\Desktop\test\my-first-app-8207484e
2026-03-30 14:40:49 info: [8207484e-c8f0-4741-8a6e-4d9526dc6085] Scaffold complete for my-first-app
